{"issue_id": "1002", "title": "IllegalStateException at com.google.javascript.rhino.jstype.FunctionType.getInstanceType", "description": "&gt; What steps will reproduce the problem?\r\n1. Unpack attached test case.\r\n2. Ensure make, wget, unzip, and java are on your PATH\r\n3. make prep (or just set up the build manually, it's not complicated)\r\n4. make crash\r\n\r\n&gt; What is the expected output? What do you see instead?\r\nExpected output: either successful compilation, or a compilation error.\r\nActual output: \r\n$ java \\\r\n\t  -jar ./compiler.jar \\\r\n\t  --js crash.js \\\r\n\t  --warning_level=VERBOSE \\\r\n\t  --compilation_level=SIMPLE_OPTIMIZATIONS\r\njava.lang.RuntimeException: java.lang.IllegalStateException\r\n\tat com.google.javascript.jscomp.Compiler.runInCompilerThread(Compiler.java:715)\r\n\tat com.google.javascript.jscomp.Compiler.compile(Compiler.java:647)\r\n\tat com.google.javascript.jscomp.Compiler.compile(Compiler.java:603)\r\n\tat com.google.javascript.jscomp.AbstractCommandLineRunner.doRun(AbstractCommandLineRunner.java:783)\r\n\tat com.google.javascript.jscomp.AbstractCommandLineRunner.run(AbstractCommandLineRunner.java:379)\r\n\tat com.google.javascript.jscomp.CommandLineRunner.main(CommandLineRunner.java:972)\r\nCaused by: java.lang.IllegalStateException\r\n\tat com.google.common.base.Preconditions.checkState(Preconditions.java:133)\r\n\tat com.google.javascript.rhino.jstype.FunctionType.getInstanceType(FunctionType.java:1071)\r\n\tat com.google.javascript.jscomp.TypeCheck.visitNew(TypeCheck.java:1567)\r\n\tat com.google.javascript.jscomp.TypeCheck.visit(TypeCheck.java:569)\r\n\tat com.google.javascript.jscomp.NodeTraversal.traverseBranch(NodeTraversal.java:534)\r\n\tat com.google.javascript.jscomp.NodeTraversal.traverseBranch(NodeTraversal.java:528)\r\n\tat com.google.javascript.jscomp.NodeTraversal.traverseBranch(NodeTraversal.java:528)\r\n\tat com.google.javascript.jscomp.NodeTraversal.traverseBranch(NodeTraversal.java:528)\r\n\tat com.google.javascript.jscomp.NodeTraversal.traverseBranch(NodeTraversal.java:528)\r\n\tat com.google.javascript.jscomp.NodeTraversal.traverseBranch(NodeTraversal.java:528)\r\n\tat com.google.javascript.jscomp.NodeTraversal.traverseBranch(NodeTraversal.java:528)\r\n\tat com.google.javascript.jscomp.NodeTraversal.traverseFunction(NodeTraversal.java:569)\r\n\tat com.google.javascript.jscomp.NodeTraversal.traverseBranch(NodeTraversal.java:522)\r\n\tat com.google.javascript.jscomp.NodeTraversal.traverseBranch(NodeTraversal.java:528)\r\n\tat com.google.javascript.jscomp.NodeTraversal.traverseBranch(NodeTraversal.java:528)\r\n\tat com.google.javascript.jscomp.NodeTraversal.traverseBranch(NodeTraversal.java:528)\r\n\tat com.google.javascript.jscomp.NodeTraversal.traverseBranch(NodeTraversal.java:528)\r\n\tat com.google.javascript.jscomp.NodeTraversal.traverseWithScope(NodeTraversal.java:353)\r\n\tat com.google.javascript.jscomp.TypeCheck.check(TypeCheck.java:400)\r\n\tat com.google.javascript.jscomp.TypeCheck.process(TypeCheck.java:371)\r\n\tat com.google.javascript.jscomp.DefaultPassConfig$30$1.process(DefaultPassConfig.java:1237)\r\n\tat com.google.javascript.jscomp.PhaseOptimizer$NamedPass.process(PhaseOptimizer.java:293)\r\n\tat com.google.javascript.jscomp.PhaseOptimizer.process(PhaseOptimizer.java:237)\r\n\tat com.google.javascript.jscomp.Compiler.check(Compiler.java:830)\r\n\tat com.google.javascript.jscomp.Compiler.compileInternal(Compiler.java:742)\r\n\tat com.google.javascript.jscomp.Compiler.access$000(Compiler.java:83)\r\n\tat com.google.javascript.jscomp.Compiler$2.call(Compiler.java:650)\r\n\tat com.google.javascript.jscomp.Compiler$2.call(Compiler.java:647)\r\n\tat com.google.javascript.jscomp.Compiler$3.call(Compiler.java:677)\r\n\tat java.util.concurrent.FutureTask$Sync.innerRun(FutureTask.java:303)\r\n\tat java.util.concurrent.FutureTask.run(FutureTask.java:138)\r\n\tat java.util.concurrent.ThreadPoolExecutor$Worker.runTask(ThreadPoolExecutor.java:895)\r\n\tat java.util.concurrent.ThreadPoolExecutor$Worker.run(ThreadPoolExecutor.java:918)\r\n\tat java.lang.Thread.run(Thread.java:680)\r\nmake: *** [crash] Error 254\r\n\r\n&gt; What version of the product are you using? On what operating system?\r\nclosure-compiler release 20130411.  I have also encountered this error on earlier versions of closure-compiler, but the above repro recipe uses 20130411.  I'm currently testing on OS X but this probably happens on other platforms too.\r\n\r\n&gt; Please provide any additional information below.\r\n\r\nHere's the contents of crash.js (included in the attached archive):\r\n\r\n-----begin snip-----\r\nvar test = {};\r\n\r\n/**\r\n * @interface\r\n */\r\ntest.T = function() {};\r\n\r\n/**\r\n * @constructor\r\n * @implements {test.T}\r\n */\r\ntest.A = function() {};\r\n\r\n/**\r\n * @constructor\r\n * @implements {test.T}\r\n */\r\ntest.B = function() {};\r\n\r\n/**\r\n * @constructor\r\n */\r\ntest.X = function() {\r\n    this.type = test.A;\r\n    this.t = this.f();\r\n};\r\n\r\n/**\r\n * @return {test.T}\r\n */\r\ntest.X.prototype.f = function() {\r\n    if (this.type === test.A) {\r\n        return new test.A();\r\n    } else if (this.type === test.B) {\r\n        return new test.B();\r\n    }\r\n};\r\n-----end snip-----\r\n"}